\BOOKMARK [1][-]{section.1}{\376\377\000\040\004\037\004\100\004\070\004\075\004\106\004\070\004\077\004\113\000\040\004\100\004\060\004\061\004\076\004\102\004\113\000\040\004\102\004\065\004\073\004\065\004\101\004\072\004\076\004\077\004\076\004\062\000\040\004\062\000\040\004\100\004\060\004\067\004\075\004\113\004\105\000\040\004\064\004\070\004\060\004\077\004\060\004\067\004\076\004\075\004\060\004\105\000\040\004\101\004\077\004\065\004\072\004\102\004\100\004\060\000.\000\040\004\035\004\060\004\061\004\073\004\116\004\064\004\065\004\075\004\070\004\117\000\040\004\101\000\040\004\077\004\076\004\062\004\065\004\100\004\105\004\075\004\076\004\101\004\102\004\070\000\040\004\027\004\065\004\074\004\073\004\070\000.}{}% 1
\BOOKMARK [2][-]{subsection.1.1}{\376\377\004\036\004\077\004\102\004\070\004\107\004\065\004\101\004\072\004\070\004\071\000\040\004\064\004\070\004\060\004\077\004\060\004\067\004\076\004\075}{section.1}% 2
\BOOKMARK [3][-]{subsubsection.1.1.1}{\376\377\004\042\004\065\004\073\004\065\004\101\004\072\004\076\004\077\000-\004\100\004\065\004\104\004\100\004\060\004\072\004\102\004\076\004\100}{subsection.1.1}% 3
\BOOKMARK [3][-]{subsubsection.1.1.2}{\376\377\004\042\004\065\004\073\004\065\004\101\004\072\004\076\004\077\000-\004\100\004\065\004\104\004\073\004\065\004\072\004\102\004\076\004\100}{subsection.1.1}% 4
\BOOKMARK [2][-]{subsection.1.2}{\376\377\004\040\004\060\004\064\004\070\004\076\000-\004\064\004\070\004\060\004\077\004\060\004\067\004\076\004\075}{section.1}% 5
\BOOKMARK [2][-]{subsection.1.3}{\376\377\004\023\004\060\004\074\004\074\004\060\000-\004\064\004\070\004\060\004\077\004\060\004\067\004\076\004\075}{section.1}% 6
\BOOKMARK [2][-]{subsection.1.4}{\376\377\004\032\004\076\004\101\004\074\004\070\004\107\004\065\004\101\004\072\004\070\004\065\000\040\004\073\004\103\004\107\004\070}{section.1}% 7
\BOOKMARK [2][-]{subsection.1.5}{\376\377\004\023\004\100\004\060\004\062\004\070\004\102\004\060\004\106\004\070\004\076\004\075\004\075\004\113\004\065\000\040\004\062\004\076\004\073\004\075\004\113}{section.1}% 8
\BOOKMARK [2][-]{subsection.1.6}{\376\377\004\024\004\065\004\102\004\065\004\072\004\102\004\076\004\100\004\113\000\040\004\075\004\065\004\071\004\102\004\100\004\070\004\075\004\076}{section.1}% 9
\BOOKMARK [1][-]{section.2}{}{}% 10
\BOOKMARK [1][-]{section.3}{}{}% 11
\BOOKMARK [1][-]{section.4}{}{}% 12
\BOOKMARK [1][-]{section.5}{}{}% 13
\BOOKMARK [1][-]{section.6}{\376\377\004\043\004\101\004\102\004\076\004\071\004\107\004\070\004\062\004\076\004\101\004\102\004\114\000\040\004\041\004\076\004\073\004\075\004\106\004\060\000\040\004\070\000\040\004\067\004\062\004\065\004\067\004\064\000.\000\040\004\042\004\065\004\100\004\074\004\076\004\117\004\064\004\065\004\100\004\075\004\113\004\065\000\040\004\100\004\065\004\060\004\072\004\106\004\070\004\070\000.}{}% 14
\BOOKMARK [2][-]{subsection.6.1}{\376\377\004\043\004\101\004\102\004\076\004\071\004\107\004\070\004\062\004\076\004\101\004\102\004\114\000\040\004\041\004\076\004\073\004\075\004\106\004\060\000\040\004\070\000\040\004\067\004\062\004\065\004\067\004\064}{section.6}% 15
\BOOKMARK [2][-]{subsection.6.2}{\376\377\004\042\004\065\004\100\004\074\004\076\004\117\004\064\004\065\004\100\004\075\004\113\004\065\000\040\004\100\004\065\004\060\004\072\004\106\004\070\004\070}{section.6}% 16
\BOOKMARK [3][-]{subsubsection.6.2.1}{\376\377\004\037\004\100\004\076\004\102\004\076\004\075\000-\004\077\004\100\004\076\004\102\004\076\004\075\004\075\004\113\004\071\000\040\004\106\004\070\004\072\004\073}{subsection.6.2}% 17
\BOOKMARK [3][-]{subsubsection.6.2.2}{\376\377\000C\000N\000O\000-\000I\000-\004\106\004\070\004\072\004\073}{subsection.6.2}% 18
\BOOKMARK [1][-]{section.7}{}{}% 19
\BOOKMARK [1][-]{section.8}{}{}% 20
\BOOKMARK [1][-]{section.9}{}{}% 21
\BOOKMARK [1][-]{section.10}{}{}% 22
\BOOKMARK [1][-]{section.11}{}{}% 23
\BOOKMARK [1][-]{section.12}{}{}% 24
\BOOKMARK [1][-]{section.13}{}{}% 25
\BOOKMARK [1][-]{section.14}{}{}% 26
\BOOKMARK [1][-]{section.15}{}{}% 27
\BOOKMARK [1][-]{section.16}{}{}% 28
\BOOKMARK [1][-]{section.17}{}{}% 29
\BOOKMARK [1][-]{section.18}{}{}% 30
\BOOKMARK [1][-]{section.19}{}{}% 31
