This is pdfTeX, Version 3.14159265-2.6-1.40.20 (TeX Live 2019) (preloaded format=pdflatex 2019.8.8)  25 DEC 2020 01:29
entering extended mode
 restricted \write18 enabled.
 %&-line parsing enabled.
**16.tex
(./16.tex
LaTeX2e <2018-12-01>
! Undefined control sequence.
l.1 \section
            {–¢–∏–ø—ã –≥–∞–ª–∞–∫—Ç–∏–∫, —ç–≤–æ–ª—é—Ü–∏—è –≥–∞–ª–∞–∫—Ç–∏–∫}
The control sequence at the end of the top line
of your error message was never \def'ed. If you have
misspelled it (e.g., `\hobx'), type `I' and the correct
spelling (e.g., `I\hbox'). Otherwise just continue,
and I'll forget about whatever was undefined.


! Package inputenc Error: Unicode character –¢ (U+0422)
(inputenc)                not set up for use with LaTeX.

See the inputenc package documentation for explanation.
Type  H <return>  for immediate help.
 ...                                              
                                                  
l.1 \section{–¢
               –∏–ø—ã –≥–∞–ª–∞–∫—Ç–∏–∫, —ç–≤–æ–ª—é—Ü–∏—è –≥–∞–ª–∞–∫—Ç–∏–∫}
You may provide a definition with
\DeclareUnicodeCharacter 


! Package inputenc Error: Unicode character –∏ (U+0438)
(inputenc)                not set up for use with LaTeX.

See the inputenc package documentation for explanation.
Type  H <return>  for immediate help.
 ...                                              
                                                  
l.1 \section{–¢–∏
                 –ø—ã –≥–∞–ª–∞–∫—Ç–∏–∫, —ç–≤–æ–ª—é—Ü–∏—è –≥–∞–ª–∞–∫—Ç–∏–∫}
You may provide a definition with
\DeclareUnicodeCharacter 


! Package inputenc Error: Unicode character –ø (U+043F)
(inputenc)                not set up for use with LaTeX.

See the inputenc package documentation for explanation.
Type  H <return>  for immediate help.
 ...                                              
                                                  
l.1 \section{–¢–∏–ø
                   —ã –≥–∞–ª–∞–∫—Ç–∏–∫, —ç–≤–æ–ª—é—Ü–∏—è –≥–∞–ª–∞–∫—Ç–∏–∫}
You may provide a definition with
\DeclareUnicodeCharacter 


! Package inputenc Error: Unicode character —ã (U+044B)
(inputenc)                not set up for use with LaTeX.

See the inputenc package documentation for explanation.
Type  H <return>  for immediate help.
 ...                                              
                                                  
l.1 \section{–¢–∏–ø—ã
                      –≥–∞–ª–∞–∫—Ç–∏–∫, —ç–≤–æ–ª—é—Ü–∏—è –≥–∞–ª–∞–∫—Ç–∏–∫}
You may provide a definition with
\DeclareUnicodeCharacter 


! Package inputenc Error: Unicode character –≥ (U+0433)
(inputenc)                not set up for use with LaTeX.

See the inputenc package documentation for explanation.
Type  H <return>  for immediate help.
 ...                                              
                                                  
l.1 \section{–¢–∏–ø—ã –≥
                        –∞–ª–∞–∫—Ç–∏–∫, —ç–≤–æ–ª—é—Ü–∏—è –≥–∞–ª–∞–∫—Ç–∏–∫}
You may provide a definition with
\DeclareUnicodeCharacter 


! Package inputenc Error: Unicode character –∞ (U+0430)
(inputenc)                not set up for use with LaTeX.

See the inputenc package documentation for explanation.
Type  H <return>  for immediate help.
 ...                                              
                                                  
l.1 \section{–¢–∏–ø—ã –≥–∞
                          –ª–∞–∫—Ç–∏–∫, —ç–≤–æ–ª—é—Ü–∏—è –≥–∞–ª–∞–∫—Ç–∏–∫}
You may provide a definition with
\DeclareUnicodeCharacter 


! Package inputenc Error: Unicode character –ª (U+043B)
(inputenc)                not set up for use with LaTeX.

See the inputenc package documentation for explanation.
Type  H <return>  for immediate help.
 ...                                              
                                                  
l.1 \section{–¢–∏–ø—ã –≥–∞–ª
                            –∞–∫—Ç–∏–∫, —ç–≤–æ–ª—é—Ü–∏—è –≥–∞–ª–∞–∫—Ç–∏–∫}
You may provide a definition with
\DeclareUnicodeCharacter 


! Package inputenc Error: Unicode character –∞ (U+0430)
(inputenc)                not set up for use with LaTeX.

See the inputenc package documentation for explanation.
Type  H <return>  for immediate help.
 ...                                              
                                                  
l.1 \section{–¢–∏–ø—ã –≥–∞–ª–∞
                              –∫—Ç–∏–∫, —ç–≤–æ–ª—é—Ü–∏—è –≥–∞–ª–∞–∫—Ç–∏–∫}
You may provide a definition with
\DeclareUnicodeCharacter 


! Package inputenc Error: Unicode character –∫ (U+043A)
(inputenc)                not set up for use with LaTeX.

See the inputenc package documentation for explanation.
Type  H <return>  for immediate help.
 ...                                              
                                                  
l.1 \section{–¢–∏–ø—ã –≥–∞–ª–∞–∫
                                —Ç–∏–∫, —ç–≤–æ–ª—é—Ü–∏—è –≥–∞–ª–∞–∫—Ç–∏–∫}
You may provide a definition with
\DeclareUnicodeCharacter 


! Package inputenc Error: Unicode character —Ç (U+0442)
(inputenc)                not set up for use with LaTeX.

See the inputenc package documentation for explanation.
Type  H <return>  for immediate help.
 ...                                              
                                                  
l.1 \section{–¢–∏–ø—ã –≥–∞–ª–∞–∫—Ç
                                  –∏–∫, —ç–≤–æ–ª—é—Ü–∏—è –≥–∞–ª–∞–∫—Ç–∏–∫}
You may provide a definition with
\DeclareUnicodeCharacter 


! Package inputenc Error: Unicode character –∏ (U+0438)
(inputenc)                not set up for use with LaTeX.

See the inputenc package documentation for explanation.
Type  H <return>  for immediate help.
 ...                                              
                                                  
l.1 \section{–¢–∏–ø—ã –≥–∞–ª–∞–∫—Ç–∏
                                    –∫, —ç–≤–æ–ª—é—Ü–∏—è –≥–∞–ª–∞–∫—Ç–∏–∫}
You may provide a definition with
\DeclareUnicodeCharacter 


! Package inputenc Error: Unicode character –∫ (U+043A)
(inputenc)                not set up for use with LaTeX.

See the inputenc package documentation for explanation.
Type  H <return>  for immediate help.
 ...                                              
                                                  
l.1 \section{–¢–∏–ø—ã –≥–∞–ª–∞–∫—Ç–∏–∫
                                      , —ç–≤–æ–ª—é—Ü–∏—è –≥–∞–ª–∞–∫—Ç–∏–∫}
You may provide a definition with
\DeclareUnicodeCharacter 


! LaTeX Error: Missing \begin{document}.

See the LaTeX manual or LaTeX Companion for explanation.
Type  H <return>  for immediate help.
 ...                                              
                                                  
l.1 \section{–¢–∏–ø—ã –≥–∞–ª–∞–∫—Ç–∏–∫,
                                        —ç–≤–æ–ª—é—Ü–∏—è –≥–∞–ª–∞–∫—Ç–∏–∫}
You're in trouble here.  Try typing  <return>  to proceed.
If that doesn't work, type  X <return>  to quit.

Missing character: There is no , in font nullfont!

! Package inputenc Error: Unicode character —ç (U+044D)
(inputenc)                not set up for use with LaTeX.

See the inputenc package documentation for explanation.
Type  H <return>  for immediate help.
 ...                                              
                                                  
l.1 \section{–¢–∏–ø—ã –≥–∞–ª–∞–∫—Ç–∏–∫, —ç
                                          –≤–æ–ª—é—Ü–∏—è –≥–∞–ª–∞–∫—Ç–∏–∫}
You may provide a definition with
\DeclareUnicodeCharacter 


! Package inputenc Error: Unicode character –≤ (U+0432)
(inputenc)                not set up for use with LaTeX.

See the inputenc package documentation for explanation.
Type  H <return>  for immediate help.
 ...                                              
                                                  
l.1 \section{–¢–∏–ø—ã –≥–∞–ª–∞–∫—Ç–∏–∫, —ç–≤
                                            –æ–ª—é—Ü–∏—è –≥–∞–ª–∞–∫—Ç–∏–∫}
You may provide a definition with
\DeclareUnicodeCharacter 


! Package inputenc Error: Unicode character –æ (U+043E)
(inputenc)                not set up for use with LaTeX.

See the inputenc package documentation for explanation.
Type  H <return>  for immediate help.
 ...                                              
                                                  
l.1 \section{–¢–∏–ø—ã –≥–∞–ª–∞–∫—Ç–∏–∫, —ç–≤–æ
                                              –ª—é—Ü–∏—è –≥–∞–ª–∞–∫—Ç–∏–∫}
You may provide a definition with
\DeclareUnicodeCharacter 


! Package inputenc Error: Unicode character –ª (U+043B)
(inputenc)                not set up for use with LaTeX.

See the inputenc package documentation for explanation.
Type  H <return>  for immediate help.
 ...                                              
                                                  
l.1 \section{–¢–∏–ø—ã –≥–∞–ª–∞–∫—Ç–∏–∫, —ç–≤–æ–ª
                                                —é—Ü–∏—è –≥–∞–ª–∞–∫—Ç–∏–∫}
You may provide a definition with
\DeclareUnicodeCharacter 


! Package inputenc Error: Unicode character —é (U+044E)
(inputenc)                not set up for use with LaTeX.

See the inputenc package documentation for explanation.
Type  H <return>  for immediate help.
 ...                                              
                                                  
l.1 \section{–¢–∏–ø—ã –≥–∞–ª–∞–∫—Ç–∏–∫, —ç–≤–æ–ª—é
                                                  —Ü–∏—è –≥–∞–ª–∞–∫—Ç–∏–∫}
You may provide a definition with
\DeclareUnicodeCharacter 


! Package inputenc Error: Unicode character —Ü (U+0446)
(inputenc)                not set up for use with LaTeX.

See the inputenc package documentation for explanation.
Type  H <return>  for immediate help.
 ...                                              
                                                  
l.1 ...ion{–¢–∏–ø—ã –≥–∞–ª–∞–∫—Ç–∏–∫, —ç–≤–æ–ª—é—Ü
                                                  –∏—è –≥–∞–ª–∞–∫—Ç–∏–∫}
You may provide a definition with
\DeclareUnicodeCharacter 


! Package inputenc Error: Unicode character –∏ (U+0438)
(inputenc)                not set up for use with LaTeX.

See the inputenc package documentation for explanation.
Type  H <return>  for immediate help.
 ...                                              
                                                  
l.1 ...n{–¢–∏–ø—ã –≥–∞–ª–∞–∫—Ç–∏–∫, —ç–≤–æ–ª—é—Ü–∏
                                                  —è –≥–∞–ª–∞–∫—Ç–∏–∫}
You may provide a definition with
\DeclareUnicodeCharacter 


! Package inputenc Error: Unicode character —è (U+044F)
(inputenc)                not set up for use with LaTeX.

See the inputenc package documentation for explanation.
Type  H <return>  for immediate help.
 ...                                              
                                                  
l.1 ...–¢–∏–ø—ã –≥–∞–ª–∞–∫—Ç–∏–∫, —ç–≤–æ–ª—é—Ü–∏—è
                                                   –≥–∞–ª–∞–∫—Ç–∏–∫}
You may provide a definition with
\DeclareUnicodeCharacter 


! Package inputenc Error: Unicode character –≥ (U+0433)
(inputenc)                not set up for use with LaTeX.

See the inputenc package documentation for explanation.
Type  H <return>  for immediate help.
 ...                                              
                                                  
l.1 ...∏–ø—ã –≥–∞–ª–∞–∫—Ç–∏–∫, —ç–≤–æ–ª—é—Ü–∏—è –≥
                                                  –∞–ª–∞–∫—Ç–∏–∫}
You may provide a definition with
\DeclareUnicodeCharacter 


! Package inputenc Error: Unicode character –∞ (U+0430)
(inputenc)                not set up for use with LaTeX.

See the inputenc package documentation for explanation.
Type  H <return>  for immediate help.
 ...                                              
                                                  
l.1 ...ø—ã –≥–∞–ª–∞–∫—Ç–∏–∫, —ç–≤–æ–ª—é—Ü–∏—è –≥–∞
                                                  –ª–∞–∫—Ç–∏–∫}
You may provide a definition with
\DeclareUnicodeCharacter 


! Package inputenc Error: Unicode character –ª (U+043B)
(inputenc)                not set up for use with LaTeX.

See the inputenc package documentation for explanation.
Type  H <return>  for immediate help.
 ...                                              
                                                  
l.1 ...ã –≥–∞–ª–∞–∫—Ç–∏–∫, —ç–≤–æ–ª—é—Ü–∏—è –≥–∞–ª
                                                  –∞–∫—Ç–∏–∫}
You may provide a definition with
\DeclareUnicodeCharacter 


! Package inputenc Error: Unicode character –∞ (U+0430)
(inputenc)                not set up for use with LaTeX.

See the inputenc package documentation for explanation.
Type  H <return>  for immediate help.
 ...                                              
                                                  
l.1 ...–≥–∞–ª–∞–∫—Ç–∏–∫, —ç–≤–æ–ª—é—Ü–∏—è –≥–∞–ª–∞
                                                  –∫—Ç–∏–∫}
You may provide a definition with
\DeclareUnicodeCharacter 


! Package inputenc Error: Unicode character –∫ (U+043A)
(inputenc)                not set up for use with LaTeX.

See the inputenc package documentation for explanation.
Type  H <return>  for immediate help.
 ...                                              
                                                  
l.1 ...–∞–ª–∞–∫—Ç–∏–∫, —ç–≤–æ–ª—é—Ü–∏—è –≥–∞–ª–∞–∫
                                                  —Ç–∏–∫}
You may provide a definition with
\DeclareUnicodeCharacter 


! Package inputenc Error: Unicode character —Ç (U+0442)
(inputenc)                not set up for use with LaTeX.

See the inputenc package documentation for explanation.
Type  H <return>  for immediate help.
 ...                                              
                                                  
l.1 ...–ª–∞–∫—Ç–∏–∫, —ç–≤–æ–ª—é—Ü–∏—è –≥–∞–ª–∞–∫—Ç
                                                  –∏–∫}
You may provide a definition with
\DeclareUnicodeCharacter 


! Package inputenc Error: Unicode character –∏ (U+0438)
(inputenc)                not set up for use with LaTeX.

See the inputenc package documentation for explanation.
Type  H <return>  for immediate help.
 ...                                              
                                                  
l.1 ...–∞–∫—Ç–∏–∫, —ç–≤–æ–ª—é—Ü–∏—è –≥–∞–ª–∞–∫—Ç–∏
                                                  –∫}
You may provide a definition with
\DeclareUnicodeCharacter 


! Package inputenc Error: Unicode character –∫ (U+043A)
(inputenc)                not set up for use with LaTeX.

See the inputenc package documentation for explanation.
Type  H <return>  for immediate help.
 ...                                              
                                                  
l.1 ...–∫—Ç–∏–∫, —ç–≤–æ–ª—é—Ü–∏—è –≥–∞–ª–∞–∫—Ç–∏–∫
                                                  }
You may provide a definition with
\DeclareUnicodeCharacter 


Overfull \hbox (20.0pt too wide) in paragraph at lines 1--2
[]
 []

! Undefined control sequence.
l.3 \subsection
               {–¢–∏–ø—ã –≥–∞–ª–∞–∫—Ç–∏–∫}
The control sequence at the end of the top line
of your error message was never \def'ed. If you have
misspelled it (e.g., `\hobx'), type `I' and the correct
spelling (e.g., `I\hbox'). Otherwise just continue,
and I'll forget about whatever was undefined.


! Package inputenc Error: Unicode character –¢ (U+0422)
(inputenc)                not set up for use with LaTeX.

See the inputenc package documentation for explanation.
Type  H <return>  for immediate help.
 ...                                              
                                                  
l.3 \subsection{–¢
                  –∏–ø—ã –≥–∞–ª–∞–∫—Ç–∏–∫}
You may provide a definition with
\DeclareUnicodeCharacter 


! Package inputenc Error: Unicode character –∏ (U+0438)
(inputenc)                not set up for use with LaTeX.

See the inputenc package documentation for explanation.
Type  H <return>  for immediate help.
 ...                                              
                                                  
l.3 \subsection{–¢–∏
                    –ø—ã –≥–∞–ª–∞–∫—Ç–∏–∫}
You may provide a definition with
\DeclareUnicodeCharacter 


! Package inputenc Error: Unicode character –ø (U+043F)
(inputenc)                not set up for use with LaTeX.

See the inputenc package documentation for explanation.
Type  H <return>  for immediate help.
 ...                                              
                                                  
l.3 \subsection{–¢–∏–ø
                      —ã –≥–∞–ª–∞–∫—Ç–∏–∫}
You may provide a definition with
\DeclareUnicodeCharacter 


! Package inputenc Error: Unicode character —ã (U+044B)
(inputenc)                not set up for use with LaTeX.

See the inputenc package documentation for explanation.
Type  H <return>  for immediate help.
 ...                                              
                                                  
l.3 \subsection{–¢–∏–ø—ã
                         –≥–∞–ª–∞–∫—Ç–∏–∫}
You may provide a definition with
\DeclareUnicodeCharacter 


! Package inputenc Error: Unicode character –≥ (U+0433)
(inputenc)                not set up for use with LaTeX.

See the inputenc package documentation for explanation.
Type  H <return>  for immediate help.
 ...                                              
                                                  
l.3 \subsection{–¢–∏–ø—ã –≥
                           –∞–ª–∞–∫—Ç–∏–∫}
You may provide a definition with
\DeclareUnicodeCharacter 


! Package inputenc Error: Unicode character –∞ (U+0430)
(inputenc)                not set up for use with LaTeX.

See the inputenc package documentation for explanation.
Type  H <return>  for immediate help.
 ...                                              
                                                  
l.3 \subsection{–¢–∏–ø—ã –≥–∞
                             –ª–∞–∫—Ç–∏–∫}
You may provide a definition with
\DeclareUnicodeCharacter 


! Package inputenc Error: Unicode character –ª (U+043B)
(inputenc)                not set up for use with LaTeX.

See the inputenc package documentation for explanation.
Type  H <return>  for immediate help.
 ...                                              
                                                  
l.3 \subsection{–¢–∏–ø—ã –≥–∞–ª
                               –∞–∫—Ç–∏–∫}
You may provide a definition with
\DeclareUnicodeCharacter 


! Package inputenc Error: Unicode character –∞ (U+0430)
(inputenc)                not set up for use with LaTeX.

See the inputenc package documentation for explanation.
Type  H <return>  for immediate help.
 ...                                              
                                                  
l.3 \subsection{–¢–∏–ø—ã –≥–∞–ª–∞
                                 –∫—Ç–∏–∫}
You may provide a definition with
\DeclareUnicodeCharacter 


! Package inputenc Error: Unicode character –∫ (U+043A)
(inputenc)                not set up for use with LaTeX.

See the inputenc package documentation for explanation.
Type  H <return>  for immediate help.
 ...                                              
                                                  
l.3 \subsection{–¢–∏–ø—ã –≥–∞–ª–∞–∫
                                   —Ç–∏–∫}
You may provide a definition with
\DeclareUnicodeCharacter 


! Package inputenc Error: Unicode character —Ç (U+0442)
(inputenc)                not set up for use with LaTeX.

See the inputenc package documentation for explanation.
Type  H <return>  for immediate help.
 ...                                              
                                                  
l.3 \subsection{–¢–∏–ø—ã –≥–∞–ª–∞–∫—Ç
                                     –∏–∫}
You may provide a definition with
\DeclareUnicodeCharacter 


! Package inputenc Error: Unicode character –∏ (U+0438)
(inputenc)                not set up for use with LaTeX.

See the inputenc package documentation for explanation.
Type  H <return>  for immediate help.
 ...                                              
                                                  
l.3 \subsection{–¢–∏–ø—ã –≥–∞–ª–∞–∫—Ç–∏
                                       –∫}
You may provide a definition with
\DeclareUnicodeCharacter 


! Package inputenc Error: Unicode character –∫ (U+043A)
(inputenc)                not set up for use with LaTeX.

See the inputenc package documentation for explanation.
Type  H <return>  for immediate help.
 ...                                              
                                                  
l.3 \subsection{–¢–∏–ø—ã –≥–∞–ª–∞–∫—Ç–∏–∫
                                         }
You may provide a definition with
\DeclareUnicodeCharacter 


! Package inputenc Error: Unicode character –ì (U+0413)
(inputenc)                not set up for use with LaTeX.

See the inputenc package documentation for explanation.
Type  H <return>  for immediate help.
 ...                                              
                                                  
l.5 –ì
      –∞–ª–∞–∫—Ç–∏–∫–∏ —Å–æ–≥–ª–∞—Å–Ω–æ –∫–ª–∞—Å—Å–∏—Ñ–∏–∫–∞—Ü–∏–∏ –•–∞–±–±–...

You may provide a definition with
\DeclareUnicodeCharacter 


! Package inputenc Error: Unicode character –∞ (U+0430)
(inputenc)                not set up for use with LaTeX.

See the inputenc package documentation for explanation.
Type  H <return>  for immediate help.
 ...                                              
                                                  
l.5 –ì–∞
        –ª–∞–∫—Ç–∏–∫–∏ —Å–æ–≥–ª–∞—Å–Ω–æ –∫–ª–∞—Å—Å–∏—Ñ–∏–∫–∞—Ü–∏–∏ –•–∞–±–±–...

You may provide a definition with
\DeclareUnicodeCharacter 


! Package inputenc Error: Unicode character –ª (U+043B)
(inputenc)                not set up for use with LaTeX.

See the inputenc package documentation for explanation.
Type  H <return>  for immediate help.
 ...                                              
                                                  
l.5 –ì–∞–ª
          –∞–∫—Ç–∏–∫–∏ —Å–æ–≥–ª–∞—Å–Ω–æ –∫–ª–∞—Å—Å–∏—Ñ–∏–∫–∞—Ü–∏–∏ –•–∞–±–±–...

You may provide a definition with
\DeclareUnicodeCharacter 


! Package inputenc Error: Unicode character –∞ (U+0430)
(inputenc)                not set up for use with LaTeX.

See the inputenc package documentation for explanation.
Type  H <return>  for immediate help.
 ...                                              
                                                  
l.5 –ì–∞–ª–∞
            –∫—Ç–∏–∫–∏ —Å–æ–≥–ª–∞—Å–Ω–æ –∫–ª–∞—Å—Å–∏—Ñ–∏–∫–∞—Ü–∏–∏ –•–∞–±–±–...

You may provide a definition with
\DeclareUnicodeCharacter 


! Package inputenc Error: Unicode character –∫ (U+043A)
(inputenc)                not set up for use with LaTeX.

See the inputenc package documentation for explanation.
Type  H <return>  for immediate help.
 ...                                              
                                                  
l.5 –ì–∞–ª–∞–∫
              —Ç–∏–∫–∏ —Å–æ–≥–ª–∞—Å–Ω–æ –∫–ª–∞—Å—Å–∏—Ñ–∏–∫–∞—Ü–∏–∏ –•–∞–±–±–...

You may provide a definition with
\DeclareUnicodeCharacter 


! Package inputenc Error: Unicode character —Ç (U+0442)
(inputenc)                not set up for use with LaTeX.

See the inputenc package documentation for explanation.
Type  H <return>  for immediate help.
 ...                                              
                                                  
l.5 –ì–∞–ª–∞–∫—Ç
                –∏–∫–∏ —Å–æ–≥–ª–∞—Å–Ω–æ –∫–ª–∞—Å—Å–∏—Ñ–∏–∫–∞—Ü–∏–∏ –•–∞–±–±–...

You may provide a definition with
\DeclareUnicodeCharacter 


! Package inputenc Error: Unicode character –∏ (U+0438)
(inputenc)                not set up for use with LaTeX.

See the inputenc package documentation for explanation.
Type  H <return>  for immediate help.
 ...                                              
                                                  
l.5 –ì–∞–ª–∞–∫—Ç–∏
                  –∫–∏ —Å–æ–≥–ª–∞—Å–Ω–æ –∫–ª–∞—Å—Å–∏—Ñ–∏–∫–∞—Ü–∏–∏ –•–∞–±–±–...

You may provide a definition with
\DeclareUnicodeCharacter 


! Package inputenc Error: Unicode character –∫ (U+043A)
(inputenc)                not set up for use with LaTeX.

See the inputenc package documentation for explanation.
Type  H <return>  for immediate help.
 ...                                              
                                                  
l.5 –ì–∞–ª–∞–∫—Ç–∏–∫
                    –∏ —Å–æ–≥–ª–∞—Å–Ω–æ –∫–ª–∞—Å—Å–∏—Ñ–∏–∫–∞—Ü–∏–∏ –•–∞–±–±–...

You may provide a definition with
\DeclareUnicodeCharacter 


! Package inputenc Error: Unicode character –∏ (U+0438)
(inputenc)                not set up for use with LaTeX.

See the inputenc package documentation for explanation.
Type  H <return>  for immediate help.
 ...                                              
                                                  
l.5 –ì–∞–ª–∞–∫—Ç–∏–∫–∏
                       —Å–æ–≥–ª–∞—Å–Ω–æ –∫–ª–∞—Å—Å–∏—Ñ–∏–∫–∞—Ü–∏–∏ –•–∞–±–±–...

You may provide a definition with
\DeclareUnicodeCharacter 


! Package inputenc Error: Unicode character —Å (U+0441)
(inputenc)                not set up for use with LaTeX.

See the inputenc package documentation for explanation.
Type  H <return>  for immediate help.
 ...                                              
                                                  
l.5 –ì–∞–ª–∞–∫—Ç–∏–∫–∏ —Å
                         –æ–≥–ª–∞—Å–Ω–æ –∫–ª–∞—Å—Å–∏—Ñ–∏–∫–∞—Ü–∏–∏ –•–∞–±–±–...

You may provide a definition with
\DeclareUnicodeCharacter 


! Package inputenc Error: Unicode character –æ (U+043E)
(inputenc)                not set up for use with LaTeX.

See the inputenc package documentation for explanation.
Type  H <return>  for immediate help.
 ...                                              
                                                  
l.5 –ì–∞–ª–∞–∫—Ç–∏–∫–∏ —Å–æ
                           –≥–ª–∞—Å–Ω–æ –∫–ª–∞—Å—Å–∏—Ñ–∏–∫–∞—Ü–∏–∏ –•–∞–±–±–...

You may provide a definition with
\DeclareUnicodeCharacter 


! Package inputenc Error: Unicode character –≥ (U+0433)
(inputenc)                not set up for use with LaTeX.

See the inputenc package documentation for explanation.
Type  H <return>  for immediate help.
 ...                                              
                                                  
l.5 –ì–∞–ª–∞–∫—Ç–∏–∫–∏ —Å–æ–≥
                             –ª–∞—Å–Ω–æ –∫–ª–∞—Å—Å–∏—Ñ–∏–∫–∞—Ü–∏–∏ –•–∞–±–±–...

You may provide a definition with
\DeclareUnicodeCharacter 


! Package inputenc Error: Unicode character –ª (U+043B)
(inputenc)                not set up for use with LaTeX.

See the inputenc package documentation for explanation.
Type  H <return>  for immediate help.
 ...                                              
                                                  
l.5 –ì–∞–ª–∞–∫—Ç–∏–∫–∏ —Å–æ–≥–ª
                               –∞—Å–Ω–æ –∫–ª–∞—Å—Å–∏—Ñ–∏–∫–∞—Ü–∏–∏ –•–∞–±–±–...

You may provide a definition with
\DeclareUnicodeCharacter 


! Package inputenc Error: Unicode character –∞ (U+0430)
(inputenc)                not set up for use with LaTeX.

See the inputenc package documentation for explanation.
Type  H <return>  for immediate help.
 ...                                              
                                                  
l.5 –ì–∞–ª–∞–∫—Ç–∏–∫–∏ —Å–æ–≥–ª–∞
                                 —Å–Ω–æ –∫–ª–∞—Å—Å–∏—Ñ–∏–∫–∞—Ü–∏–∏ –•–∞–±–±–...

You may provide a definition with
\DeclareUnicodeCharacter 


! Package inputenc Error: Unicode character —Å (U+0441)
(inputenc)                not set up for use with LaTeX.

See the inputenc package documentation for explanation.
Type  H <return>  for immediate help.
 ...                                              
                                                  
l.5 –ì–∞–ª–∞–∫—Ç–∏–∫–∏ —Å–æ–≥–ª–∞—Å
                                   –Ω–æ –∫–ª–∞—Å—Å–∏—Ñ–∏–∫–∞—Ü–∏–∏ –•–∞–±–±–...

You may provide a definition with
\DeclareUnicodeCharacter 


! Package inputenc Error: Unicode character –Ω (U+043D)
(inputenc)                not set up for use with LaTeX.

See the inputenc package documentation for explanation.
Type  H <return>  for immediate help.
 ...                                              
                                                  
l.5 –ì–∞–ª–∞–∫—Ç–∏–∫–∏ —Å–æ–≥–ª–∞—Å–Ω
                                     –æ –∫–ª–∞—Å—Å–∏—Ñ–∏–∫–∞—Ü–∏–∏ –•–∞–±–±–...

You may provide a definition with
\DeclareUnicodeCharacter 


! Package inputenc Error: Unicode character –æ (U+043E)
(inputenc)                not set up for use with LaTeX.

See the inputenc package documentation for explanation.
Type  H <return>  for immediate help.
 ...                                              
                                                  
l.5 –ì–∞–ª–∞–∫—Ç–∏–∫–∏ —Å–æ–≥–ª–∞—Å–Ω–æ
                                        –∫–ª–∞—Å—Å–∏—Ñ–∏–∫–∞—Ü–∏–∏ –•–∞–±–±–...

You may provide a definition with
\DeclareUnicodeCharacter 


! Package inputenc Error: Unicode character –∫ (U+043A)
(inputenc)                not set up for use with LaTeX.

See the inputenc package documentation for explanation.
Type  H <return>  for immediate help.
 ...                                              
                                                  
l.5 –ì–∞–ª–∞–∫—Ç–∏–∫–∏ —Å–æ–≥–ª–∞—Å–Ω–æ –∫
                                          –ª–∞—Å—Å–∏—Ñ–∏–∫–∞—Ü–∏–∏ –•–∞–±–±–...

You may provide a definition with
\DeclareUnicodeCharacter 


! Package inputenc Error: Unicode character –ª (U+043B)
(inputenc)                not set up for use with LaTeX.

See the inputenc package documentation for explanation.
Type  H <return>  for immediate help.
 ...                                              
                                                  
l.5 –ì–∞–ª–∞–∫—Ç–∏–∫–∏ —Å–æ–≥–ª–∞—Å–Ω–æ –∫–ª
                                            –∞—Å—Å–∏—Ñ–∏–∫–∞—Ü–∏–∏ –•–∞–±–±–...

You may provide a definition with
\DeclareUnicodeCharacter 


! Package inputenc Error: Unicode character –∞ (U+0430)
(inputenc)                not set up for use with LaTeX.

See the inputenc package documentation for explanation.
Type  H <return>  for immediate help.
 ...                                              
                                                  
l.5 –ì–∞–ª–∞–∫—Ç–∏–∫–∏ —Å–æ–≥–ª–∞—Å–Ω–æ –∫–ª–∞
                                              —Å—Å–∏—Ñ–∏–∫–∞—Ü–∏–∏ –•–∞–±–±–...

You may provide a definition with
\DeclareUnicodeCharacter 


! Package inputenc Error: Unicode character —Å (U+0441)
(inputenc)                not set up for use with LaTeX.

See the inputenc package documentation for explanation.
Type  H <return>  for immediate help.
 ...                                              
                                                  
l.5 –ì–∞–ª–∞–∫—Ç–∏–∫–∏ —Å–æ–≥–ª–∞—Å–Ω–æ –∫–ª–∞—Å
                                                —Å–∏—Ñ–∏–∫–∞—Ü–∏–∏ –•–∞–±–±–...

You may provide a definition with
\DeclareUnicodeCharacter 


! Package inputenc Error: Unicode character —Å (U+0441)
(inputenc)                not set up for use with LaTeX.

See the inputenc package documentation for explanation.
Type  H <return>  for immediate help.
 ...                                              
                                                  
l.5 –ì–∞–ª–∞–∫—Ç–∏–∫–∏ —Å–æ–≥–ª–∞—Å–Ω–æ –∫–ª–∞—Å—Å
                                                  –∏—Ñ–∏–∫–∞—Ü–∏–∏ –•–∞–±–±–...

You may provide a definition with
\DeclareUnicodeCharacter 


! Package inputenc Error: Unicode character –∏ (U+0438)
(inputenc)                not set up for use with LaTeX.

See the inputenc package documentation for explanation.
Type  H <return>  for immediate help.
 ...                                              
                                                  
l.5 ...ª–∞–∫—Ç–∏–∫–∏ —Å–æ–≥–ª–∞—Å–Ω–æ –∫–ª–∞—Å—Å–∏
                                                  —Ñ–∏–∫–∞—Ü–∏–∏ –•–∞–±–±–ª–...

You may provide a definition with
\DeclareUnicodeCharacter 


! Package inputenc Error: Unicode character —Ñ (U+0444)
(inputenc)                not set up for use with LaTeX.

See the inputenc package documentation for explanation.
Type  H <return>  for immediate help.
 ...                                              
                                                  
l.5 ...∞–∫—Ç–∏–∫–∏ —Å–æ–≥–ª–∞—Å–Ω–æ –∫–ª–∞—Å—Å–∏—Ñ
                                                  –∏–∫–∞—Ü–∏–∏ –•–∞–±–±–ª–∞ ...

You may provide a definition with
\DeclareUnicodeCharacter 


! Package inputenc Error: Unicode character –∏ (U+0438)
(inputenc)                not set up for use with LaTeX.

See the inputenc package documentation for explanation.
Type  H <return>  for immediate help.
 ...                                              
                                                  
l.5 ...∫—Ç–∏–∫–∏ —Å–æ–≥–ª–∞—Å–Ω–æ –∫–ª–∞—Å—Å–∏—Ñ–∏
                                                  –∫–∞—Ü–∏–∏ –•–∞–±–±–ª–∞ –¥...

You may provide a definition with
\DeclareUnicodeCharacter 


! Package inputenc Error: Unicode character –∫ (U+043A)
(inputenc)                not set up for use with LaTeX.

See the inputenc package documentation for explanation.
Type  H <return>  for immediate help.
 ...                                              
                                                  
l.5 ...Ç–∏–∫–∏ —Å–æ–≥–ª–∞—Å–Ω–æ –∫–ª–∞—Å—Å–∏—Ñ–∏–∫
                                                  –∞—Ü–∏–∏ –•–∞–±–±–ª–∞ –¥–µ...

You may provide a definition with
\DeclareUnicodeCharacter 


! Package inputenc Error: Unicode character –∞ (U+0430)
(inputenc)                not set up for use with LaTeX.

See the inputenc package documentation for explanation.
Type  H <return>  for immediate help.
 ...                                              
                                                  
l.5 ...∏–∫–∏ —Å–æ–≥–ª–∞—Å–Ω–æ –∫–ª–∞—Å—Å–∏—Ñ–∏–∫–∞
                                                  —Ü–∏–∏ –•–∞–±–±–ª–∞ –¥–µ–ª...

You may provide a definition with
\DeclareUnicodeCharacter 


! Package inputenc Error: Unicode character —Ü (U+0446)
(inputenc)                not set up for use with LaTeX.

See the inputenc package documentation for explanation.
Type  H <return>  for immediate help.
 ...                                              
                                                  
l.5 ...∫–∏ —Å–æ–≥–ª–∞—Å–Ω–æ –∫–ª–∞—Å—Å–∏—Ñ–∏–∫–∞—Ü
                                                  –∏–∏ –•–∞–±–±–ª–∞ –¥–µ–ª—è...

You may provide a definition with
\DeclareUnicodeCharacter 


! Package inputenc Error: Unicode character –∏ (U+0438)
(inputenc)                not set up for use with LaTeX.

See the inputenc package documentation for explanation.
Type  H <return>  for immediate help.
 ...                                              
                                                  
l.5 ...∏ —Å–æ–≥–ª–∞—Å–Ω–æ –∫–ª–∞—Å—Å–∏—Ñ–∏–∫–∞—Ü–∏
                                                  –∏ –•–∞–±–±–ª–∞ –¥–µ–ª—è—Ç...

You may provide a definition with
\DeclareUnicodeCharacter 


! Package inputenc Error: Unicode character –∏ (U+0438)
(inputenc)                not set up for use with LaTeX.

See the inputenc package documentation for explanation.
Type  H <return>  for immediate help.
 ...                                              
                                                  
l.5 ...—Å–æ–≥–ª–∞—Å–Ω–æ –∫–ª–∞—Å—Å–∏—Ñ–∏–∫–∞—Ü–∏–∏
                                                   –•–∞–±–±–ª–∞ –¥–µ–ª—è—Ç—Å...

You may provide a definition with
\DeclareUnicodeCharacter 


! Package inputenc Error: Unicode character –• (U+0425)
(inputenc)                not set up for use with LaTeX.

See the inputenc package documentation for explanation.
Type  H <return>  for immediate help.
 ...                                              
                                                  
l.5 ...æ–≥–ª–∞—Å–Ω–æ –∫–ª–∞—Å—Å–∏—Ñ–∏–∫–∞—Ü–∏–∏ –•
                                                  –∞–±–±–ª–∞ –¥–µ–ª—è—Ç—Å—è ...

You may provide a definition with
\DeclareUnicodeCharacter 


! Package inputenc Error: Unicode character –∞ (U+0430)
(inputenc)                not set up for use with LaTeX.

See the inputenc package documentation for explanation.
Type  H <return>  for immediate help.
 ...                                              
                                                  
l.5 ...≥–ª–∞—Å–Ω–æ –∫–ª–∞—Å—Å–∏—Ñ–∏–∫–∞—Ü–∏–∏ –•–∞
                                                  –±–±–ª–∞ –¥–µ–ª—è—Ç—Å—è –Ω...

You may provide a definition with
\DeclareUnicodeCharacter 


! Package inputenc Error: Unicode character –± (U+0431)
(inputenc)                not set up for use with LaTeX.

See the inputenc package documentation for explanation.
Type  H <return>  for immediate help.
 ...                                              
                                                  
l.5 ...ª–∞—Å–Ω–æ –∫–ª–∞—Å—Å–∏—Ñ–∏–∫–∞—Ü–∏–∏ –•–∞–±
                                                  –±–ª–∞ –¥–µ–ª—è—Ç—Å—è –Ω–∞...

You may provide a definition with
\DeclareUnicodeCharacter 


! Package inputenc Error: Unicode character –± (U+0431)
(inputenc)                not set up for use with LaTeX.

See the inputenc package documentation for explanation.
Type  H <return>  for immediate help.
 ...                                              
                                                  
l.5 ...∞—Å–Ω–æ –∫–ª–∞—Å—Å–∏—Ñ–∏–∫–∞—Ü–∏–∏ –•–∞–±–±
                                                  –ª–∞ –¥–µ–ª—è—Ç—Å—è –Ω–∞ —...

You may provide a definition with
\DeclareUnicodeCharacter 


! Package inputenc Error: Unicode character –ª (U+043B)
(inputenc)                not set up for use with LaTeX.

See the inputenc package documentation for explanation.
Type  H <return>  for immediate help.
 ...                                              
                                                  
l.5 ...Å–Ω–æ –∫–ª–∞—Å—Å–∏—Ñ–∏–∫–∞—Ü–∏–∏ –•–∞–±–±–ª
                                                  –∞ –¥–µ–ª—è—Ç—Å—è –Ω–∞ —ç–...

You may provide a definition with
\DeclareUnicodeCharacter 


! Package inputenc Error: Unicode character –∞ (U+0430)
(inputenc)                not set up for use with LaTeX.

See the inputenc package documentation for explanation.
Type  H <return>  for immediate help.
 ...                                              
                                                  
l.5 ...Ω–æ –∫–ª–∞—Å—Å–∏—Ñ–∏–∫–∞—Ü–∏–∏ –•–∞–±–±–ª–∞
                                                   –¥–µ–ª—è—Ç—Å—è –Ω–∞ —ç–ª–...

You may provide a definition with
\DeclareUnicodeCharacter 


! Package inputenc Error: Unicode character –¥ (U+0434)
(inputenc)                not set up for use with LaTeX.

See the inputenc package documentation for explanation.
Type  H <return>  for immediate help.
 ...                                              
                                                  
l.5 ... –∫–ª–∞—Å—Å–∏—Ñ–∏–∫–∞—Ü–∏–∏ –•–∞–±–±–ª–∞ –¥
                                                  –µ–ª—è—Ç—Å—è –Ω–∞ —ç–ª–ª–∏...

You may provide a definition with
\DeclareUnicodeCharacter 


! Package inputenc Error: Unicode character –µ (U+0435)
(inputenc)                not set up for use with LaTeX.

See the inputenc package documentation for explanation.
Type  H <return>  for immediate help.
 ...                                              
                                                  
l.5 ...∫–ª–∞—Å—Å–∏—Ñ–∏–∫–∞—Ü–∏–∏ –•–∞–±–±–ª–∞ –¥–µ
                                                  –ª—è—Ç—Å—è –Ω–∞ —ç–ª–ª–∏–ø...

You may provide a definition with
\DeclareUnicodeCharacter 


! Package inputenc Error: Unicode character –ª (U+043B)
(inputenc)                not set up for use with LaTeX.

See the inputenc package documentation for explanation.
Type  H <return>  for immediate help.
 ...                                              
                                                  
l.5 ...ª–∞—Å—Å–∏—Ñ–∏–∫–∞—Ü–∏–∏ –•–∞–±–±–ª–∞ –¥–µ–ª
                                                  —è—Ç—Å—è –Ω–∞ —ç–ª–ª–∏–ø—Ç...

You may provide a definition with
\DeclareUnicodeCharacter 


! Package inputenc Error: Unicode character —è (U+044F)
(inputenc)                not set up for use with LaTeX.

See the inputenc package documentation for explanation.
Type  H <return>  for immediate help.
 ...                                              
                                                  
l.5 ...∞—Å—Å–∏—Ñ–∏–∫–∞—Ü–∏–∏ –•–∞–±–±–ª–∞ –¥–µ–ª—è
                                                  —Ç—Å—è –Ω–∞ —ç–ª–ª–∏–ø—Ç–∏...

You may provide a definition with
\DeclareUnicodeCharacter 


! Package inputenc Error: Unicode character —Ç (U+0442)
(inputenc)                not set up for use with LaTeX.

See the inputenc package documentation for explanation.
Type  H <return>  for immediate help.
 ...                                              
                                                  
l.5 ...Å—Å–∏—Ñ–∏–∫–∞—Ü–∏–∏ –•–∞–±–±–ª–∞ –¥–µ–ª—è—Ç
                                                  —Å—è –Ω–∞ —ç–ª–ª–∏–ø—Ç–∏—á...

You may provide a definition with
\DeclareUnicodeCharacter 


! Package inputenc Error: Unicode character —Å (U+0441)
(inputenc)                not set up for use with LaTeX.

See the inputenc package documentation for explanation.
Type  H <return>  for immediate help.
 ...                                              
                                                  
l.5 ...Å–∏—Ñ–∏–∫–∞—Ü–∏–∏ –•–∞–±–±–ª–∞ –¥–µ–ª—è—Ç—Å
                                                  —è –Ω–∞ —ç–ª–ª–∏–ø—Ç–∏—á–µ...

You may provide a definition with
\DeclareUnicodeCharacter 


! Package inputenc Error: Unicode character —è (U+044F)
(inputenc)                not set up for use with LaTeX.

See the inputenc package documentation for explanation.
Type  H <return>  for immediate help.
 ...                                              
                                                  
l.5 ...∏—Ñ–∏–∫–∞—Ü–∏–∏ –•–∞–±–±–ª–∞ –¥–µ–ª—è—Ç—Å—è
                                                   –Ω–∞ —ç–ª–ª–∏–ø—Ç–∏—á–µ—Å...

You may provide a definition with
\DeclareUnicodeCharacter 


! Package inputenc Error: Unicode character –Ω (U+043D)
(inputenc)                not set up for use with LaTeX.

See the inputenc package documentation for explanation.
Type  H <return>  for immediate help.
 ...                                              
                                                  
l.5 ...–∏–∫–∞—Ü–∏–∏ –•–∞–±–±–ª–∞ –¥–µ–ª—è—Ç—Å—è –Ω
                                                  –∞ —ç–ª–ª–∏–ø—Ç–∏—á–µ—Å–∫–...

You may provide a definition with
\DeclareUnicodeCharacter 


! Package inputenc Error: Unicode character –∞ (U+0430)
(inputenc)                not set up for use with LaTeX.

See the inputenc package documentation for explanation.
Type  H <return>  for immediate help.
 ...                                              
                                                  
l.5 ...–∫–∞—Ü–∏–∏ –•–∞–±–±–ª–∞ –¥–µ–ª—è—Ç—Å—è –Ω–∞
                                                   —ç–ª–ª–∏–ø—Ç–∏—á–µ—Å–∫–∏–...

You may provide a definition with
\DeclareUnicodeCharacter 


! Package inputenc Error: Unicode character —ç (U+044D)
(inputenc)                not set up for use with LaTeX.

See the inputenc package documentation for explanation.
Type  H <return>  for immediate help.
 ...                                              
                                                  
l.5 ...∞—Ü–∏–∏ –•–∞–±–±–ª–∞ –¥–µ–ª—è—Ç—Å—è –Ω–∞ —ç
                                                  –ª–ª–∏–ø—Ç–∏—á–µ—Å–∫–∏–µ (...

You may provide a definition with
\DeclareUnicodeCharacter 


! Package inputenc Error: Unicode character –ª (U+043B)
(inputenc)                not set up for use with LaTeX.

See the inputenc package documentation for explanation.
Type  H <return>  for immediate help.
 ...                                              
                                                  
l.5 ...Ü–∏–∏ –•–∞–±–±–ª–∞ –¥–µ–ª—è—Ç—Å—è –Ω–∞ —ç–ª
                                                  –ª–∏–ø—Ç–∏—á–µ—Å–∫–∏–µ (E)...

You may provide a definition with
\DeclareUnicodeCharacter 


! Package inputenc Error: Unicode character –ª (U+043B)
(inputenc)                not set up for use with LaTeX.

See the inputenc package documentation for explanation.
Type  H <return>  for immediate help.
 ...                                              
                                                  
l.5 ...∏–∏ –•–∞–±–±–ª–∞ –¥–µ–ª—è—Ç—Å—è –Ω–∞ —ç–ª–ª
                                                  –∏–ø—Ç–∏—á–µ—Å–∫–∏–µ (E), ...

You may provide a definition with
\DeclareUnicodeCharacter 


! Package inputenc Error: Unicode character –∏ (U+0438)
(inputenc)                not set up for use with LaTeX.

See the inputenc package documentation for explanation.
Type  H <return>  for immediate help.
 ...                                              
                                                  
l.5 ...∏ –•–∞–±–±–ª–∞ –¥–µ–ª—è—Ç—Å—è –Ω–∞ —ç–ª–ª–∏
                                                  –ø—Ç–∏—á–µ—Å–∫–∏–µ (E), —Å...

You may provide a definition with
\DeclareUnicodeCharacter 


! Package inputenc Error: Unicode character –ø (U+043F)
(inputenc)                not set up for use with LaTeX.

See the inputenc package documentation for explanation.
Type  H <return>  for immediate help.
 ...                                              
                                                  
l.5 ...–•–∞–±–±–ª–∞ –¥–µ–ª—è—Ç—Å—è –Ω–∞ —ç–ª–ª–∏–ø
                                                  —Ç–∏—á–µ—Å–∫–∏–µ (E), —Å–ø...

You may provide a definition with
\DeclareUnicodeCharacter 


! Package inputenc Error: Unicode character —Ç (U+0442)
(inputenc)                not set up for use with LaTeX.

See the inputenc package documentation for explanation.
Type  H <return>  for immediate help.
 ...                                              
                                                  
l.5 ...–∞–±–±–ª–∞ –¥–µ–ª—è—Ç—Å—è –Ω–∞ —ç–ª–ª–∏–ø—Ç
                                                  –∏—á–µ—Å–∫–∏–µ (E), —Å–ø–∏...

You may provide a definition with
\DeclareUnicodeCharacter 


! Package inputenc Error: Unicode character –∏ (U+0438)
(inputenc)                not set up for use with LaTeX.

See the inputenc package documentation for explanation.
Type  H <return>  for immediate help.
 ...                                              
                                                  
l.5 ...–±–±–ª–∞ –¥–µ–ª—è—Ç—Å—è –Ω–∞ —ç–ª–ª–∏–ø—Ç–∏
                                                  —á–µ—Å–∫–∏–µ (E), —Å–ø–∏—Ä...

You may provide a definition with
\DeclareUnicodeCharacter 


! Package inputenc Error: Unicode character —á (U+0447)
(inputenc)                not set up for use with LaTeX.

See the inputenc package documentation for explanation.
Type  H <return>  for immediate help.
 ...                                              
                                                  
l.5 ...–±–ª–∞ –¥–µ–ª—è—Ç—Å—è –Ω–∞ —ç–ª–ª–∏–ø—Ç–∏—á
                                                  –µ—Å–∫–∏–µ (E), —Å–ø–∏—Ä–∞...

You may provide a definition with
\DeclareUnicodeCharacter 


! Package inputenc Error: Unicode character –µ (U+0435)
(inputenc)                not set up for use with LaTeX.

See the inputenc package documentation for explanation.
Type  H <return>  for immediate help.
 ...                                              
                                                  
l.5 ...–ª–∞ –¥–µ–ª—è—Ç—Å—è –Ω–∞ —ç–ª–ª–∏–ø—Ç–∏—á–µ
                                                  —Å–∫–∏–µ (E), —Å–ø–∏—Ä–∞–ª...

You may provide a definition with
\DeclareUnicodeCharacter 


! Package inputenc Error: Unicode character —Å (U+0441)
(inputenc)                not set up for use with LaTeX.

See the inputenc package documentation for explanation.
Type  H <return>  for immediate help.
 ...                                              
                                                  
l.5 ...–∞ –¥–µ–ª—è—Ç—Å—è –Ω–∞ —ç–ª–ª–∏–ø—Ç–∏—á–µ—Å
                                                  –∫–∏–µ (E), —Å–ø–∏—Ä–∞–ª—å...

You may provide a definition with
\DeclareUnicodeCharacter 


! Package inputenc Error: Unicode character –∫ (U+043A)
(inputenc)                not set up for use with LaTeX.

See the inputenc package documentation for explanation.
Type  H <return>  for immediate help.
 ...                                              
                                                  
l.5 ... –¥–µ–ª—è—Ç—Å—è –Ω–∞ —ç–ª–ª–∏–ø—Ç–∏—á–µ—Å–∫
                                                  –∏–µ (E), —Å–ø–∏—Ä–∞–ª—å–Ω...

You may provide a definition with
\DeclareUnicodeCharacter 


! Package inputenc Error: Unicode character –∏ (U+0438)
(inputenc)                not set up for use with LaTeX.

See the inputenc package documentation for explanation.
Type  H <return>  for immediate help.
 ...                                              
                                                  
l.5 ...¥–µ–ª—è—Ç—Å—è –Ω–∞ —ç–ª–ª–∏–ø—Ç–∏—á–µ—Å–∫–∏
                                                  –µ (E), —Å–ø–∏—Ä–∞–ª—å–Ω—ã...

You may provide a definition with
\DeclareUnicodeCharacter 


! Package inputenc Error: Unicode character –µ (U+0435)
(inputenc)                not set up for use with LaTeX.

See the inputenc package documentation for explanation.
Type  H <return>  for immediate help.
 ...                                              
                                                  
l.5 ...µ–ª—è—Ç—Å—è –Ω–∞ —ç–ª–ª–∏–ø—Ç–∏—á–µ—Å–∫–∏–µ
                                                   (E), —Å–ø–∏—Ä–∞–ª—å–Ω—ã–µ...

You may provide a definition with
\DeclareUnicodeCharacter 


! LaTeX Error: Missing \begin{document}.

See the LaTeX manual or LaTeX Companion for explanation.
Type  H <return>  for immediate help.
 ...                                              
                                                  
l.5 ...ª—è—Ç—Å—è –Ω–∞ —ç–ª–ª–∏–ø—Ç–∏—á–µ—Å–∫–∏–µ (
                                                  E), —Å–ø–∏—Ä–∞–ª—å–Ω—ã–µ (...

You're in trouble here.  Try typing  <return>  to proceed.
If that doesn't work, type  X <return>  to quit.

Missing character: There is no ( in font nullfont!
Missing character: There is no E in font nullfont!
Missing character: There is no ) in font nullfont!
Missing character: There is no , in font nullfont!

! Package inputenc Error: Unicode character —Å (U+0441)
(inputenc)                not set up for use with LaTeX.

See the inputenc package documentation for explanation.
Type  H <return>  for immediate help.
 ...                                              
                                                  
l.5 ...Å—è –Ω–∞ —ç–ª–ª–∏–ø—Ç–∏—á–µ—Å–∫–∏–µ (E), —Å
                                                  –ø–∏—Ä–∞–ª—å–Ω—ã–µ (S) –∏ ...

You may provide a definition with
\DeclareUnicodeCharacter 


! Package inputenc Error: Unicode character –ø (U+043F)
(inputenc)                not set up for use with LaTeX.

See the inputenc package documentation for explanation.
Type  H <return>  for immediate help.
 ...                                              
                                                  
l.5 ...è –Ω–∞ —ç–ª–ª–∏–ø—Ç–∏—á–µ—Å–∫–∏–µ (E), —Å–ø
                                                  –∏—Ä–∞–ª—å–Ω—ã–µ (S) –∏ –Ω...

You may provide a definition with
\DeclareUnicodeCharacter 


! Package inputenc Error: Unicode character –∏ (U+0438)
(inputenc)                not set up for use with LaTeX.

See the inputenc package documentation for explanation.
Type  H <return>  for immediate help.
 ...                                              
                                                  
l.5 ...–Ω–∞ —ç–ª–ª–∏–ø—Ç–∏—á–µ—Å–∫–∏–µ (E), —Å–ø–∏
                                                  —Ä–∞–ª—å–Ω—ã–µ (S) –∏ –Ω–µ...

You may provide a definition with
\DeclareUnicodeCharacter 


! Package inputenc Error: Unicode character —Ä (U+0440)
(inputenc)                not set up for use with LaTeX.

See the inputenc package documentation for explanation.
Type  H <return>  for immediate help.
 ...                                              
                                                  
l.5 ...–∞ —ç–ª–ª–∏–ø—Ç–∏—á–µ—Å–∫–∏–µ (E), —Å–ø–∏—Ä
                                                  –∞–ª—å–Ω—ã–µ (S) –∏ –Ω–µ–ø...

You may provide a definition with
\DeclareUnicodeCharacter 


! Package inputenc Error: Unicode character –∞ (U+0430)
(inputenc)                not set up for use with LaTeX.

See the inputenc package documentation for explanation.
Type  H <return>  for immediate help.
 ...                                              
                                                  
l.5 ... —ç–ª–ª–∏–ø—Ç–∏—á–µ—Å–∫–∏–µ (E), —Å–ø–∏—Ä–∞
                                                  –ª—å–Ω—ã–µ (S) –∏ –Ω–µ–ø—Ä...

You may provide a definition with
\DeclareUnicodeCharacter 


! Package inputenc Error: Unicode character –ª (U+043B)
(inputenc)                not set up for use with LaTeX.

See the inputenc package documentation for explanation.
Type  H <return>  for immediate help.
 ...                                              
                                                  
l.5 ...ç–ª–ª–∏–ø—Ç–∏—á–µ—Å–∫–∏–µ (E), —Å–ø–∏—Ä–∞–ª
                                                  —å–Ω—ã–µ (S) –∏ –Ω–µ–ø—Ä–∞...

You may provide a definition with
\DeclareUnicodeCharacter 


! Package inputenc Error: Unicode character —å (U+044C)
(inputenc)                not set up for use with LaTeX.

See the inputenc package documentation for explanation.
Type  H <return>  for immediate help.
 ...                                              
                                                  
l.5 ...ª–ª–∏–ø—Ç–∏—á–µ—Å–∫–∏–µ (E), —Å–ø–∏—Ä–∞–ª—å
                                                  –Ω—ã–µ (S) –∏ –Ω–µ–ø—Ä–∞–≤...

You may provide a definition with
\DeclareUnicodeCharacter 


! Package inputenc Error: Unicode character –Ω (U+043D)
(inputenc)                not set up for use with LaTeX.

See the inputenc package documentation for explanation.
Type  H <return>  for immediate help.
 ...                                              
                                                  
l.5 ...ª–∏–ø—Ç–∏—á–µ—Å–∫–∏–µ (E), —Å–ø–∏—Ä–∞–ª—å–Ω
                                                  —ã–µ (S) –∏ –Ω–µ–ø—Ä–∞–≤–∏...

You may provide a definition with
\DeclareUnicodeCharacter 


! Package inputenc Error: Unicode character —ã (U+044B)
(inputenc)                not set up for use with LaTeX.

See the inputenc package documentation for explanation.
Type  H <return>  for immediate help.
 ...                                              
                                                  
l.5 ...∏–ø—Ç–∏—á–µ—Å–∫–∏–µ (E), —Å–ø–∏—Ä–∞–ª—å–Ω—ã
                                                  –µ (S) –∏ –Ω–µ–ø—Ä–∞–≤–∏–ª...

You may provide a definition with
\DeclareUnicodeCharacter 


! Package inputenc Error: Unicode character –µ (U+0435)
(inputenc)                not set up for use with LaTeX.

See the inputenc package documentation for explanation.
Type  H <return>  for immediate help.
 ...                                              
                                                  
l.5 ...ø—Ç–∏—á–µ—Å–∫–∏–µ (E), —Å–ø–∏—Ä–∞–ª—å–Ω—ã–µ
                                                   (S) –∏ –Ω–µ–ø—Ä–∞–≤–∏–ª—å...

You may provide a definition with
\DeclareUnicodeCharacter 

Missing character: There is no ( in font nullfont!
Missing character: There is no S in font nullfont!
Missing character: There is no ) in font nullfont!

! Package inputenc Error: Unicode character –∏ (U+0438)
(inputenc)                not set up for use with LaTeX.

See the inputenc package documentation for explanation.
Type  H <return>  for immediate help.
 ...                                              
                                                  
l.5 ...–µ—Å–∫–∏–µ (E), —Å–ø–∏—Ä–∞–ª—å–Ω—ã–µ (S) –∏
                                                   –Ω–µ–ø—Ä–∞–≤–∏–ª—å–Ω—ã–µ ...

You may provide a definition with
\DeclareUnicodeCharacter 


! Package inputenc Error: Unicode character –Ω (U+043D)
(inputenc)                not set up for use with LaTeX.

See the inputenc package documentation for explanation.
Type  H <return>  for immediate help.
 ...                                              
                                                  
l.5 ...Å–∫–∏–µ (E), —Å–ø–∏—Ä–∞–ª—å–Ω—ã–µ (S) –∏ –Ω
                                                  –µ–ø—Ä–∞–≤–∏–ª—å–Ω—ã–µ (Ir...

You may provide a definition with
\DeclareUnicodeCharacter 


! Package inputenc Error: Unicode character –µ (U+0435)
(inputenc)                not set up for use with LaTeX.

See the inputenc package documentation for explanation.
Type  H <return>  for immediate help.
 ...                                              
                                                  
l.5 ...∫–∏–µ (E), —Å–ø–∏—Ä–∞–ª—å–Ω—ã–µ (S) –∏ –Ω–µ
                                                  –ø—Ä–∞–≤–∏–ª—å–Ω—ã–µ (Irr)...

You may provide a definition with
\DeclareUnicodeCharacter 


! Package inputenc Error: Unicode character –ø (U+043F)
(inputenc)                not set up for use with LaTeX.

See the inputenc package documentation for explanation.
Type  H <return>  for immediate help.
 ...                                              
                                                  
l.5 ...∏–µ (E), —Å–ø–∏—Ä–∞–ª—å–Ω—ã–µ (S) –∏ –Ω–µ–ø
                                                  —Ä–∞–≤–∏–ª—å–Ω—ã–µ (Irr). ...

You may provide a definition with
\DeclareUnicodeCharacter 


! Package inputenc Error: Unicode character —Ä (U+0440)
(inputenc)                not set up for use with LaTeX.

See the inputenc package documentation for explanation.
Type  H <return>  for immediate help.
 ...                                              
                                                  
l.5 ...µ (E), —Å–ø–∏—Ä–∞–ª—å–Ω—ã–µ (S) –∏ –Ω–µ–ø—Ä
                                                  –∞–≤–∏–ª—å–Ω—ã–µ (Irr). –ü...

You may provide a definition with
\DeclareUnicodeCharacter 


! Package inputenc Error: Unicode character –∞ (U+0430)
(inputenc)                not set up for use with LaTeX.

See the inputenc package documentation for explanation.
Type  H <return>  for immediate help.
 ...                                              
                                                  
l.5 ...(E), —Å–ø–∏—Ä–∞–ª—å–Ω—ã–µ (S) –∏ –Ω–µ–ø—Ä–∞
                                                  –≤–∏–ª—å–Ω—ã–µ (Irr). –ü—Ä...

You may provide a definition with
\DeclareUnicodeCharacter 


! Package inputenc Error: Unicode character –≤ (U+0432)
(inputenc)                not set up for use with LaTeX.

See the inputenc package documentation for explanation.
Type  H <return>  for immediate help.
 ...                                              
                                                  
l.5 ...), —Å–ø–∏—Ä–∞–ª—å–Ω—ã–µ (S) –∏ –Ω–µ–ø—Ä–∞–≤
                                                  –∏–ª—å–Ω—ã–µ (Irr). –ü—Ä–∏...

You may provide a definition with
\DeclareUnicodeCharacter 


! Package inputenc Error: Unicode character –∏ (U+0438)
(inputenc)                not set up for use with LaTeX.

See the inputenc package documentation for explanation.
Type  H <return>  for immediate help.
 ...                                              
                                                  
l.5 ... —Å–ø–∏—Ä–∞–ª—å–Ω—ã–µ (S) –∏ –Ω–µ–ø—Ä–∞–≤–∏
                                                  –ª—å–Ω—ã–µ (Irr). –ü—Ä–∏–º...

You may provide a definition with
\DeclareUnicodeCharacter 


! Package inputenc Error: Unicode character –ª (U+043B)
(inputenc)                not set up for use with LaTeX.

See the inputenc package documentation for explanation.
Type  H <return>  for immediate help.
 ...                                              
                                                  
l.5 ...Å–ø–∏—Ä–∞–ª—å–Ω—ã–µ (S) –∏ –Ω–µ–ø—Ä–∞–≤–∏–ª
                                                  —å–Ω—ã–µ (Irr). –ü—Ä–∏–º–µ...

You may provide a definition with
\DeclareUnicodeCharacter 


! Package inputenc Error: Unicode character —å (U+044C)
(inputenc)                not set up for use with LaTeX.

See the inputenc package documentation for explanation.
Type  H <return>  for immediate help.
 ...                                              
                                                  
l.5 ...ø–∏—Ä–∞–ª—å–Ω—ã–µ (S) –∏ –Ω–µ–ø—Ä–∞–≤–∏–ª—å
                                                  –Ω—ã–µ (Irr). –ü—Ä–∏–º–µ—Ä...

You may provide a definition with
\DeclareUnicodeCharacter 


! Package inputenc Error: Unicode character –Ω (U+043D)
(inputenc)                not set up for use with LaTeX.

See the inputenc package documentation for explanation.
Type  H <return>  for immediate help.
 ...                                              
                                                  
l.5 ...∏—Ä–∞–ª—å–Ω—ã–µ (S) –∏ –Ω–µ–ø—Ä–∞–≤–∏–ª—å–Ω
                                                  —ã–µ (Irr). –ü—Ä–∏–º–µ—Ä—ã...

You may provide a definition with
\DeclareUnicodeCharacter 


! Package inputenc Error: Unicode character —ã (U+044B)
(inputenc)                not set up for use with LaTeX.

See the inputenc package documentation for explanation.
Type  H <return>  for immediate help.
 ...                                              
                                                  
l.5 ...Ä–∞–ª—å–Ω—ã–µ (S) –∏ –Ω–µ–ø—Ä–∞–≤–∏–ª—å–Ω—ã
                                                  –µ (Irr). –ü—Ä–∏–º–µ—Ä—ã –...

You may provide a definition with
\DeclareUnicodeCharacter 


! Package inputenc Error: Unicode character –µ (U+0435)
(inputenc)                not set up for use with LaTeX.

See the inputenc package documentation for explanation.
Type  H <return>  for immediate help.
 ...                                              
                                                  
l.5 ...∞–ª—å–Ω—ã–µ (S) –∏ –Ω–µ–ø—Ä–∞–≤–∏–ª—å–Ω—ã–µ
                                                   (Irr). –ü—Ä–∏–º–µ—Ä—ã –∫—...

You may provide a definition with
\DeclareUnicodeCharacter 

Missing character: There is no ( in font nullfont!
Missing character: There is no I in font nullfont!
Missing character: There is no r in font nullfont!
Missing character: There is no r in font nullfont!
Missing character: There is no ) in font nullfont!
Missing character: There is no . in font nullfont!

! Package inputenc Error: Unicode character –ü (U+041F)
(inputenc)                not set up for use with LaTeX.

See the inputenc package documentation for explanation.
Type  H <return>  for immediate help.
 ...                                              
                                                  
l.5 ...µ (S) –∏ –Ω–µ–ø—Ä–∞–≤–∏–ª—å–Ω—ã–µ (Irr). –ü
                                                  —Ä–∏–º–µ—Ä—ã –∫—Ä–∞—Å–∏–≤—...

You may provide a definition with
\DeclareUnicodeCharacter 


! Package inputenc Error: Unicode character —Ä (U+0440)
(inputenc)                not set up for use with LaTeX.

See the inputenc package documentation for explanation.
Type  H <return>  for immediate help.
 ...                                              
                                                  
l.5 ...(S) –∏ –Ω–µ–ø—Ä–∞–≤–∏–ª—å–Ω—ã–µ (Irr). –ü—Ä
                                                  –∏–º–µ—Ä—ã –∫—Ä–∞—Å–∏–≤—ã—...

You may provide a definition with
\DeclareUnicodeCharacter 


! Package inputenc Error: Unicode character –∏ (U+0438)
(inputenc)                not set up for use with LaTeX.

See the inputenc package documentation for explanation.
Type  H <return>  for immediate help.
 ...                                              
                                                  
l.5 ...) –∏ –Ω–µ–ø—Ä–∞–≤–∏–ª—å–Ω—ã–µ (Irr). –ü—Ä–∏
                                                  –º–µ—Ä—ã –∫—Ä–∞—Å–∏–≤—ã—Ö ...

You may provide a definition with
\DeclareUnicodeCharacter 


! Package inputenc Error: Unicode character –º (U+043C)
(inputenc)                not set up for use with LaTeX.

See the inputenc package documentation for explanation.
Type  H <return>  for immediate help.
 ...                                              
                                                  
l.5 ...–∏ –Ω–µ–ø—Ä–∞–≤–∏–ª—å–Ω—ã–µ (Irr). –ü—Ä–∏–º
                                                  –µ—Ä—ã –∫—Ä–∞—Å–∏–≤—ã—Ö –∫...

You may provide a definition with
\DeclareUnicodeCharacter 


! Package inputenc Error: Unicode character –µ (U+0435)
(inputenc)                not set up for use with LaTeX.

See the inputenc package documentation for explanation.
Type  H <return>  for immediate help.
 ...                                              
                                                  
l.5 ... –Ω–µ–ø—Ä–∞–≤–∏–ª—å–Ω—ã–µ (Irr). –ü—Ä–∏–º–µ
                                                  —Ä—ã –∫—Ä–∞—Å–∏–≤—ã—Ö –∫–∞...
(That makes 100 errors; please try again.) 
Here is how much of TeX's memory you used:
 34 strings out of 492616
 451 string characters out of 6129482
 57705 words of memory out of 5000000
 4053 multiletter control sequences out of 15000+600000
 3640 words of font info for 14 fonts, out of 8000000 for 9000
 1141 hyphenation exceptions out of 8191
 10i,0n,10p,320b,31s stack positions out of 5000i,500n,10000p,200000b,80000s

!  ==> Fatal error occurred, no output PDF file produced!
